2023-05-18 21:36:20,165 DEBUG [main] InternalLoggerFactory:89 - Using Log4J as the default logging framework
2023-05-18 21:36:20,173 DEBUG [main] ResourceLeakDetector:129 - -Dio.netty.leakDetection.level: simple
2023-05-18 21:36:20,174 DEBUG [main] ResourceLeakDetector:130 - -Dio.netty.leakDetection.targetRecords: 4
2023-05-18 21:36:20,180 DEBUG [main] ResourceLeakDetectorFactory:196 - Loaded default ResourceLeakDetector: io.netty.util.ResourceLeakDetector@76012793
2023-05-18 21:36:20,201 DEBUG [main] PlatformDependent0:496 - -Dio.netty.noUnsafe: false
2023-05-18 21:36:20,201 DEBUG [main] PlatformDependent0:1000 - Java version: 16
2023-05-18 21:36:20,203 DEBUG [main] PlatformDependent0:137 - sun.misc.Unsafe.theUnsafe: available
2023-05-18 21:36:20,204 DEBUG [main] PlatformDependent0:161 - sun.misc.Unsafe.copyMemory: available
2023-05-18 21:36:20,205 DEBUG [main] PlatformDependent0:193 - sun.misc.Unsafe.storeFence: available
2023-05-18 21:36:20,207 DEBUG [main] PlatformDependent0:236 - java.nio.Buffer.address: available
2023-05-18 21:36:20,209 DEBUG [main] PlatformDependent0:320 - direct buffer constructor: unavailable: Reflective setAccessible(true) disabled
2023-05-18 21:36:20,211 DEBUG [main] PlatformDependent0:385 - java.nio.Bits.unaligned: available, true
2023-05-18 21:36:20,213 DEBUG [main] PlatformDependent0:452 - jdk.internal.misc.Unsafe.allocateUninitializedArray(int): unavailable: class io.netty.util.internal.PlatformDependent0$7 cannot access class jdk.internal.misc.Unsafe (in module java.base) because module java.base does not export jdk.internal.misc to unnamed module @31ef45e3
2023-05-18 21:36:20,216 DEBUG [main] PlatformDependent0:482 - java.nio.DirectByteBuffer.<init>(long, int): unavailable
2023-05-18 21:36:20,216 DEBUG [main] PlatformDependent:1159 - sun.misc.Unsafe: available
2023-05-18 21:36:20,238 DEBUG [main] PlatformDependent:1270 - maxDirectMemory: 3198156800 bytes (maybe)
2023-05-18 21:36:20,240 DEBUG [main] PlatformDependent:1289 - -Dio.netty.tmpdir: C:\Users\Lenovo\AppData\Local\Temp (java.io.tmpdir)
2023-05-18 21:36:20,241 DEBUG [main] PlatformDependent:1368 - -Dio.netty.bitMode: 64 (sun.arch.data.model)
2023-05-18 21:36:20,242 DEBUG [main] PlatformDependent:1119 - Platform: Windows
2023-05-18 21:36:20,244 DEBUG [main] PlatformDependent:178 - -Dio.netty.maxDirectMemory: -1 bytes
2023-05-18 21:36:20,244 DEBUG [main] PlatformDependent:185 - -Dio.netty.uninitializedArrayAllocationThreshold: -1
2023-05-18 21:36:20,247 DEBUG [main] CleanerJava9:71 - java.nio.ByteBuffer.cleaner(): available
2023-05-18 21:36:20,247 DEBUG [main] PlatformDependent:205 - -Dio.netty.noPreferDirect: false
2023-05-18 21:36:20,260 DEBUG [main] PlatformDependent:1010 - org.jctools-core.MpscChunkedArrayQueue: available
2023-05-18 21:36:20,290 DEBUG [main] InternalThreadLocalMap:100 - -Dio.netty.threadLocalMap.stringBuilder.initialSize: 1024
2023-05-18 21:36:20,290 DEBUG [main] InternalThreadLocalMap:101 - -Dio.netty.threadLocalMap.stringBuilder.maxSize: 4096
2023-05-18 21:36:20,538 DEBUG [main] JdkSslContext:83 - Default protocols (JDK): [TLSv1.3, TLSv1.2] 
2023-05-18 21:36:20,538 DEBUG [main] JdkSslContext:84 - Default cipher suites (JDK): [TLS_ECDHE_ECDSA_WITH_AES_256_GCM_SHA384, TLS_ECDHE_ECDSA_WITH_AES_128_GCM_SHA256, TLS_ECDHE_RSA_WITH_AES_128_GCM_SHA256, TLS_ECDHE_RSA_WITH_AES_256_GCM_SHA384, TLS_ECDHE_RSA_WITH_AES_128_CBC_SHA, TLS_ECDHE_RSA_WITH_AES_256_CBC_SHA, TLS_RSA_WITH_AES_128_GCM_SHA256, TLS_RSA_WITH_AES_128_CBC_SHA, TLS_RSA_WITH_AES_256_CBC_SHA, TLS_AES_128_GCM_SHA256, TLS_AES_256_GCM_SHA384]
2023-05-18 21:36:20,550 DEBUG [main] GlobalEventExecutor:53 - -Dio.netty.globalEventExecutor.quietPeriodSeconds: 1
2023-05-18 21:36:20,563 DEBUG [main] MultithreadEventLoopGroup:44 - -Dio.netty.eventLoopThreads: 8
2023-05-18 21:36:20,572 DEBUG [main] NioEventLoop:110 - -Dio.netty.noKeySetOptimization: false
2023-05-18 21:36:20,573 DEBUG [main] NioEventLoop:111 - -Dio.netty.selectorAutoRebuildThreshold: 512
2023-05-18 21:36:20,620 DEBUG [main] PooledByteBufAllocator:157 - -Dio.netty.allocator.numHeapArenas: 8
2023-05-18 21:36:20,621 DEBUG [main] PooledByteBufAllocator:158 - -Dio.netty.allocator.numDirectArenas: 8
2023-05-18 21:36:20,621 DEBUG [main] PooledByteBufAllocator:160 - -Dio.netty.allocator.pageSize: 8192
2023-05-18 21:36:20,621 DEBUG [main] PooledByteBufAllocator:165 - -Dio.netty.allocator.maxOrder: 9
2023-05-18 21:36:20,622 DEBUG [main] PooledByteBufAllocator:169 - -Dio.netty.allocator.chunkSize: 4194304
2023-05-18 21:36:20,622 DEBUG [main] PooledByteBufAllocator:170 - -Dio.netty.allocator.smallCacheSize: 256
2023-05-18 21:36:20,622 DEBUG [main] PooledByteBufAllocator:171 - -Dio.netty.allocator.normalCacheSize: 64
2023-05-18 21:36:20,622 DEBUG [main] PooledByteBufAllocator:172 - -Dio.netty.allocator.maxCachedBufferCapacity: 32768
2023-05-18 21:36:20,623 DEBUG [main] PooledByteBufAllocator:173 - -Dio.netty.allocator.cacheTrimInterval: 8192
2023-05-18 21:36:20,623 DEBUG [main] PooledByteBufAllocator:174 - -Dio.netty.allocator.cacheTrimIntervalMillis: 0
2023-05-18 21:36:20,623 DEBUG [main] PooledByteBufAllocator:175 - -Dio.netty.allocator.useCacheForAllThreads: false
2023-05-18 21:36:20,624 DEBUG [main] PooledByteBufAllocator:176 - -Dio.netty.allocator.maxCachedByteBuffersPerChunk: 1023
2023-05-18 21:36:20,641 DEBUG [main] ByteBufUtil:88 - -Dio.netty.allocator.type: pooled
2023-05-18 21:36:20,642 DEBUG [main] ByteBufUtil:97 - -Dio.netty.threadLocalDirectBufferSize: 0
2023-05-18 21:36:20,642 DEBUG [main] ByteBufUtil:100 - -Dio.netty.maxThreadLocalCharBufferSize: 16384
2023-05-18 21:36:21,007 DEBUG [Forwarding newSession on session null to remote] DefaultChannelId:79 - -Dio.netty.processId: 18928 (auto-detected)
2023-05-18 21:36:21,010 DEBUG [Forwarding newSession on session null to remote] NetUtil:148 - -Djava.net.preferIPv4Stack: false
2023-05-18 21:36:21,011 DEBUG [Forwarding newSession on session null to remote] NetUtil:149 - -Djava.net.preferIPv6Addresses: false
2023-05-18 21:36:21,030 DEBUG [Forwarding newSession on session null to remote] NetUtilInitializations:145 - Loopback interface: lo (Software Loopback Interface 1, 127.0.0.1)
2023-05-18 21:36:21,032 DEBUG [Forwarding newSession on session null to remote] NetUtil:206 - Failed to get SOMAXCONN from sysctl and file \proc\sys\net\core\somaxconn. Default: 200
2023-05-18 21:36:21,087 DEBUG [Forwarding newSession on session null to remote] DefaultChannelId:101 - -Dio.netty.machineId: 00:50:56:ff:fe:c0:00:08 (auto-detected)
2023-05-18 21:36:21,146 DEBUG [AsyncHttpClient-1-2] AbstractByteBuf:63 - -Dio.netty.buffer.checkAccessible: true
2023-05-18 21:36:21,147 DEBUG [AsyncHttpClient-1-2] AbstractByteBuf:64 - -Dio.netty.buffer.checkBounds: true
2023-05-18 21:36:21,147 DEBUG [AsyncHttpClient-1-2] ResourceLeakDetectorFactory:196 - Loaded default ResourceLeakDetector: io.netty.util.ResourceLeakDetector@2659cc6
2023-05-18 21:36:21,180 DEBUG [AsyncHttpClient-1-2] Recycler:96 - -Dio.netty.recycler.maxCapacityPerThread: 4096
2023-05-18 21:36:21,181 DEBUG [AsyncHttpClient-1-2] Recycler:97 - -Dio.netty.recycler.ratio: 8
2023-05-18 21:36:21,183 DEBUG [AsyncHttpClient-1-2] Recycler:98 - -Dio.netty.recycler.chunkSize: 32
2023-05-18 21:36:21,183 DEBUG [AsyncHttpClient-1-2] Recycler:99 - -Dio.netty.recycler.blocking: false
2023-05-18 21:36:21,184 DEBUG [AsyncHttpClient-1-2] Recycler:100 - -Dio.netty.recycler.batchFastThreadLocalOnly: true
2023-05-18 21:36:22,311 DEBUG [AsyncHttpClient-1-2] Brotli:38 - brotli4j not in the classpath; Brotli support will be unavailable.
2023-05-18 21:36:22,504 DEBUG [main] ThreadLocalRandom:214 - -Dio.netty.initialSeedUniquifier: 0xad5736d18753260f
